TruVideoCoreAndroid/TruvideoCore/bin/Release/net9.0-android/intermediates/manifest_merge_blame_file/release/processReleaseManifest/manifest-merger-blame-release-report.txt
1<?xml version="1.0" encoding="utf-8"?>
2<manifest xmlns:android="http://schemas.android.com/apk/res/android"
3    xmlns:tools="http://schemas.android.com/tools"
4    package="com.truvideo.core" >
5
6    <uses-sdk android:minSdkVersion="24" />
7
8    <uses-permission android:name="android.permission.INTERNET" />
8-->src/main/AndroidManifest.xml:5:5-67
8-->src/main/AndroidManifest.xml:5:22-64
9    <uses-permission android:name="android.permission.ACCESS_NETWORK_STATE" />
9-->src/main/AndroidManifest.xml:6:5-79
9-->src/main/AndroidManifest.xml:6:22-76
10    <uses-permission android:name="android.permission.CAMERA" />
10-->src/main/AndroidManifest.xml:7:5-65
10-->src/main/AndroidManifest.xml:7:22-62
11
12    <application>
12-->src/main/AndroidManifest.xml:8:5-15:19
13
14        <!-- <provider -->
15        <!-- android:name="androidx.startup.InitializationProvider" -->
16        <!-- android:authorities="${applicationId}.androidx-startup" -->
17        <!-- android:exported="false" -->
18        <!-- tools:node="remove" /> -->
19    </application>
20
21</manifest>